[ 2017-03-21T21:01:59+08:00 ] 127.0.0.1 /test/tp_pro3/
INFO: [ app_init ] --START--
INFO: Run Behavior\BuildLiteBehavior [ RunTime:0.000023s ]
INFO: [ app_init ] --END-- [ RunTime:0.000138s ]
INFO: [ app_begin ] --START--
INFO: Run Behavior\ReadHtmlCacheBehavior [ RunTime:0.005447s ]
INFO: [ app_begin ] --END-- [ RunTime:0.005564s ]
INFO: [ view_parse ] --START--
INFO: [ template_filter ] --START--
INFO: Run Behavior\ContentReplaceBehavior [ RunTime:0.000054s ]
INFO: [ template_filter ] --END-- [ RunTime:0.000186s ]
INFO: Run Behavior\ParseTemplateBehavior [ RunTime:0.029665s ]
INFO: [ view_parse ] --END-- [ RunTime:0.029811s ]
INFO: [ view_filter ] --START--
INFO: Run Behavior\WriteHtmlCacheBehavior [ RunTime:0.002794s ]
INFO: [ view_filter ] --END-- [ RunTime:0.002908s ]
INFO: [ app_end ] --START--
INFO: Run Behavior\ShowPageTraceBehavior [ RunTime:0.003775s ]
INFO: [ app_end ] --END-- [ RunTime:0.003898s ]

[ 2017-03-21T21:02:38+08:00 ] 127.0.0.1 /test/tp_pro3/
INFO: [ app_init ] --START--
INFO: Run Behavior\BuildLiteBehavior [ RunTime:0.000023s ]
INFO: [ app_init ] --END-- [ RunTime:0.001984s ]
INFO: [ app_begin ] --START--
INFO: Run Behavior\ReadHtmlCacheBehavior [ RunTime:0.001338s ]
INFO: [ app_begin ] --END-- [ RunTime:0.001437s ]
INFO: [ view_parse ] --START--
INFO: Run Behavior\ParseTemplateBehavior [ RunTime:0.000986s ]
INFO: [ view_parse ] --END-- [ RunTime:0.001077s ]
INFO: [ view_filter ] --START--
INFO: Run Behavior\WriteHtmlCacheBehavior [ RunTime:0.000987s ]
INFO: [ view_filter ] --END-- [ RunTime:0.001065s ]
INFO: [ app_end ] --START--
INFO: Run Behavior\ShowPageTraceBehavior [ RunTime:0.001580s ]
INFO: [ app_end ] --END-- [ RunTime:0.001666s ]

[ 2017-03-21T21:08:05+08:00 ] 127.0.0.1 /test/tp_pro3/admin
INFO: [ app_init ] --START--
INFO: Run Behavior\BuildLiteBehavior [ RunTime:0.000022s ]
INFO: [ app_init ] --END-- [ RunTime:0.001840s ]
INFO: [ app_begin ] --START--
INFO: Run Behavior\ReadHtmlCacheBehavior [ RunTime:0.003414s ]
INFO: [ app_begin ] --END-- [ RunTime:0.003522s ]
INFO: [ view_parse ] --START--
INFO: [ template_filter ] --START--
INFO: Run Behavior\ContentReplaceBehavior [ RunTime:0.000068s ]
INFO: [ template_filter ] --END-- [ RunTime:0.000193s ]
INFO: Run Behavior\ParseTemplateBehavior [ RunTime:0.026682s ]
INFO: [ view_parse ] --END-- [ RunTime:0.026791s ]
INFO: [ view_filter ] --START--
INFO: Run Behavior\WriteHtmlCacheBehavior [ RunTime:0.002424s ]
INFO: [ view_filter ] --END-- [ RunTime:0.002503s ]

[ 2017-03-21T21:08:08+08:00 ] 127.0.0.1 /test/tp_pro3/index.php/Admin/Login/index.html
INFO: [ app_init ] --START--
INFO: Run Behavior\BuildLiteBehavior [ RunTime:0.000021s ]
INFO: [ app_init ] --END-- [ RunTime:0.001105s ]
INFO: [ app_begin ] --START--
INFO: Run Behavior\ReadHtmlCacheBehavior [ RunTime:0.001298s ]
INFO: [ app_begin ] --END-- [ RunTime:0.001389s ]
INFO: [ view_parse ] --START--
INFO: [ template_filter ] --START--
INFO: Run Behavior\ContentReplaceBehavior [ RunTime:0.000079s ]
INFO: [ template_filter ] --END-- [ RunTime:0.000210s ]
INFO: Run Behavior\ParseTemplateBehavior [ RunTime:0.025088s ]
INFO: [ view_parse ] --END-- [ RunTime:0.025224s ]
INFO: [ view_filter ] --START--
INFO: Run Behavior\WriteHtmlCacheBehavior [ RunTime:0.001016s ]
INFO: [ view_filter ] --END-- [ RunTime:0.001096s ]
INFO: [ app_end ] --START--
INFO: Run Behavior\ShowPageTraceBehavior [ RunTime:0.002800s ]
INFO: [ app_end ] --END-- [ RunTime:0.002885s ]

[ 2017-03-21T21:08:08+08:00 ] 127.0.0.1 /test/tp_pro3/index.php/Admin/Login/verify
INFO: [ app_init ] --START--
INFO: Run Behavior\BuildLiteBehavior [ RunTime:0.000026s ]
INFO: [ app_init ] --END-- [ RunTime:0.003795s ]
INFO: [ app_begin ] --START--
INFO: Run Behavior\ReadHtmlCacheBehavior [ RunTime:0.003472s ]
INFO: [ app_begin ] --END-- [ RunTime:0.003588s ]
INFO: [ app_end ] --START--
INFO: Run Behavior\ShowPageTraceBehavior [ RunTime:0.002997s ]
INFO: [ app_end ] --END-- [ RunTime:0.003116s ]

[ 2017-03-21T21:11:04+08:00 ] 127.0.0.1 /test/tp_pro3/index.php/Admin/Login/verify/0.6017764694044079
INFO: [ app_init ] --START--
INFO: Run Behavior\BuildLiteBehavior [ RunTime:0.000023s ]
INFO: [ app_init ] --END-- [ RunTime:0.001868s ]
INFO: [ app_begin ] --START--
INFO: Run Behavior\ReadHtmlCacheBehavior [ RunTime:0.003706s ]
INFO: [ app_begin ] --END-- [ RunTime:0.003831s ]
INFO: [ app_end ] --START--
INFO: Run Behavior\ShowPageTraceBehavior [ RunTime:0.003409s ]
INFO: [ app_end ] --END-- [ RunTime:0.003532s ]

[ 2017-03-21T21:11:06+08:00 ] 127.0.0.1 /test/tp_pro3/index.php/Admin/Login/verify/0.8317358775936243
INFO: [ app_init ] --START--
INFO: Run Behavior\BuildLiteBehavior [ RunTime:0.000021s ]
INFO: [ app_init ] --END-- [ RunTime:0.001119s ]
INFO: [ app_begin ] --START--
INFO: Run Behavior\ReadHtmlCacheBehavior [ RunTime:0.001566s ]
INFO: [ app_begin ] --END-- [ RunTime:0.002026s ]
INFO: [ app_end ] --START--
INFO: Run Behavior\ShowPageTraceBehavior [ RunTime:0.001429s ]
INFO: [ app_end ] --END-- [ RunTime:0.001542s ]

[ 2017-03-21T21:11:15+08:00 ] 127.0.0.1 /test/tp_pro3/index.php/Admin/Login/index.html
INFO: [ app_init ] --START--
INFO: Run Behavior\BuildLiteBehavior [ RunTime:0.000021s ]
INFO: [ app_init ] --END-- [ RunTime:0.001125s ]
INFO: [ app_begin ] --START--
INFO: Run Behavior\ReadHtmlCacheBehavior [ RunTime:0.001343s ]
INFO: [ app_begin ] --END-- [ RunTime:0.001440s ]
NOTIC: [2] PDO::__construct() [<a href='pdo.--construct'>pdo.--construct</a>]: [2002] ”…”⁄ƒø±Íª˙∆˜ª˝º´æ‹æ¯£¨Œﬁ∑®¡¨Ω”°£
 (trying to connect via tcp://localhost:3306) D:\PHP\xampp\htdocs\test\tp_pro3\ThinkPHP\Library\Think\Db\Driver\Pdo.class.php Á¨¨ 52 Ë°å.
ERR: SQLSTATE[HY000] [2002] ”…”⁄ƒø±Íª˙∆˜ª˝º´æ‹æ¯£¨Œﬁ∑®¡¨Ω”°£


[ 2017-03-21T21:18:25+08:00 ] 127.0.0.1 /test/tp_pro3/index.php/Admin/Login/index.html
INFO: [ app_init ] --START--
INFO: Run Behavior\BuildLiteBehavior [ RunTime:0.000023s ]
INFO: [ app_init ] --END-- [ RunTime:0.001877s ]
INFO: [ app_begin ] --START--
INFO: Run Behavior\ReadHtmlCacheBehavior [ RunTime:0.003499s ]
INFO: [ app_begin ] --END-- [ RunTime:0.003606s ]
INFO: [ view_parse ] --START--
INFO: [ template_filter ] --START--
INFO: Run Behavior\ContentReplaceBehavior [ RunTime:0.000080s ]
INFO: [ template_filter ] --END-- [ RunTime:0.000213s ]
INFO: Run Behavior\ParseTemplateBehavior [ RunTime:0.021191s ]
INFO: [ view_parse ] --END-- [ RunTime:0.021319s ]
INFO: [ view_filter ] --START--
INFO: Run Behavior\WriteHtmlCacheBehavior [ RunTime:0.003956s ]
INFO: [ view_filter ] --END-- [ RunTime:0.004042s ]
INFO: [ app_end ] --START--
INFO: Run Behavior\ShowPageTraceBehavior [ RunTime:0.002984s ]
INFO: [ app_end ] --END-- [ RunTime:0.003081s ]

[ 2017-03-21T21:18:26+08:00 ] 127.0.0.1 /test/tp_pro3/index.php/Admin/Login/verify
INFO: [ app_init ] --START--
INFO: Run Behavior\BuildLiteBehavior [ RunTime:0.000031s ]
INFO: [ app_init ] --END-- [ RunTime:0.002137s ]
INFO: [ app_begin ] --START--
INFO: Run Behavior\ReadHtmlCacheBehavior [ RunTime:0.003669s ]
INFO: [ app_begin ] --END-- [ RunTime:0.003811s ]
INFO: [ app_end ] --START--
INFO: Run Behavior\ShowPageTraceBehavior [ RunTime:0.002891s ]
INFO: [ app_end ] --END-- [ RunTime:0.003057s ]

[ 2017-03-21T21:18:29+08:00 ] 127.0.0.1 /test/tp_pro3/index.php/Admin/Login/verify/0.4595502074923228
INFO: [ app_init ] --START--
INFO: Run Behavior\BuildLiteBehavior [ RunTime:0.000023s ]
INFO: [ app_init ] --END-- [ RunTime:0.001635s ]
INFO: [ app_begin ] --START--
INFO: Run Behavior\ReadHtmlCacheBehavior [ RunTime:0.001746s ]
INFO: [ app_begin ] --END-- [ RunTime:0.001858s ]
INFO: [ app_end ] --START--
INFO: Run Behavior\ShowPageTraceBehavior [ RunTime:0.001411s ]
INFO: [ app_end ] --END-- [ RunTime:0.001522s ]

[ 2017-03-21T21:18:36+08:00 ] 127.0.0.1 /test/tp_pro3/index.php/Admin/Login/index.html
INFO: [ app_init ] --START--
INFO: Run Behavior\BuildLiteBehavior [ RunTime:0.000037s ]
INFO: [ app_init ] --END-- [ RunTime:0.004075s ]
INFO: [ app_begin ] --START--
INFO: Run Behavior\ReadHtmlCacheBehavior [ RunTime:0.001469s ]
INFO: [ app_begin ] --END-- [ RunTime:0.001576s ]
SQL: DESCRIBE cs_admin [ RunTime:0.007071s ]
SQL: SELECT * FROM `cs_admin` WHERE ( `username` = 'admin' ) AND ( `password` = '123' ) LIMIT 1   [ RunTime:0.000901s ]
SQL: SELECT * FROM `cs_admin` WHERE ( `username` = 'admin' ) AND ( `password` = '123' ) LIMIT 1   [ RunTime:0.000553s ]
INFO: [ view_parse ] --START--
INFO: [ template_filter ] --START--
INFO: Run Behavior\ContentReplaceBehavior [ RunTime:0.000070s ]
INFO: [ template_filter ] --END-- [ RunTime:0.000167s ]
INFO: Run Behavior\ParseTemplateBehavior [ RunTime:0.022671s ]
INFO: [ view_parse ] --END-- [ RunTime:0.022801s ]
INFO: [ view_filter ] --START--
INFO: Run Behavior\WriteHtmlCacheBehavior [ RunTime:0.002434s ]
INFO: [ view_filter ] --END-- [ RunTime:0.002514s ]
INFO: [ app_end ] --START--
INFO: Run Behavior\ShowPageTraceBehavior [ RunTime:0.001312s ]
INFO: [ app_end ] --END-- [ RunTime:0.001392s ]

[ 2017-03-21T21:18:37+08:00 ] 127.0.0.1 /test/tp_pro3/index.php/Admin/Index/index.html
INFO: [ app_init ] --START--
INFO: Run Behavior\BuildLiteBehavior [ RunTime:0.000021s ]
INFO: [ app_init ] --END-- [ RunTime:0.001117s ]
INFO: [ app_begin ] --START--
INFO: Run Behavior\ReadHtmlCacheBehavior [ RunTime:0.001359s ]
INFO: [ app_begin ] --END-- [ RunTime:0.001459s ]
INFO: [ view_parse ] --START--
INFO: [ template_filter ] --START--
INFO: Run Behavior\ContentReplaceBehavior [ RunTime:0.000125s ]
INFO: [ template_filter ] --END-- [ RunTime:0.000245s ]
INFO: Run Behavior\ParseTemplateBehavior [ RunTime:0.026693s ]
INFO: [ view_parse ] --END-- [ RunTime:0.026815s ]
INFO: [ view_filter ] --START--
INFO: Run Behavior\WriteHtmlCacheBehavior [ RunTime:0.001760s ]
INFO: [ view_filter ] --END-- [ RunTime:0.001844s ]
INFO: [ app_end ] --START--
INFO: Run Behavior\ShowPageTraceBehavior [ RunTime:0.001345s ]
INFO: [ app_end ] --END-- [ RunTime:0.001427s ]

[ 2017-03-21T21:18:42+08:00 ] 127.0.0.1 /test/tp_pro3/index.php/Admin/Article/lst
INFO: [ app_init ] --START--
INFO: Run Behavior\BuildLiteBehavior [ RunTime:0.000034s ]
INFO: [ app_init ] --END-- [ RunTime:0.001770s ]
INFO: [ app_begin ] --START--
INFO: Run Behavior\ReadHtmlCacheBehavior [ RunTime:0.001531s ]
INFO: [ app_begin ] --END-- [ RunTime:0.001638s ]
SQL: DESCRIBE cs_article [ RunTime:0.022205s ]
ERR: 1146:Table 'carshop.cs_article' doesn't exist
 [ SQLËØ≠Âè• ] : DESCRIBE cs_article
SQL: DESCRIBE cs_cate [ RunTime:0.006667s ]
ERR: 1146:Table 'carshop.cs_cate' doesn't exist
 [ SQLËØ≠Âè• ] : DESCRIBE cs_cate
SQL: SELECT COUNT(*) AS tp_count FROM cs_article Article LEFT JOIN cs_cate Cate ON Article.cateid=Cate.id LIMIT 1   [ RunTime:0.001151s ]
ERR: 1146:Table 'carshop.cs_article' doesn't exist
 [ SQLËØ≠Âè• ] : SELECT COUNT(*) AS tp_count FROM cs_article Article LEFT JOIN cs_cate Cate ON Article.cateid=Cate.id LIMIT 1  
SQL: SELECT Article.id AS id,Article.title AS title,Article.pic AS pic,Article.cateid AS cateid,Cate.catename AS catename FROM cs_article Article LEFT JOIN cs_cate Cate ON Article.cateid=Cate.id ORDER BY Article.id asc LIMIT 0,8   [ RunTime:0.001927s ]
ERR: 1146:Table 'carshop.cs_article' doesn't exist
 [ SQLËØ≠Âè• ] : SELECT Article.id AS id,Article.title AS title,Article.pic AS pic,Article.cateid AS cateid,Cate.catename AS catename FROM cs_article Article LEFT JOIN cs_cate Cate ON Article.cateid=Cate.id ORDER BY Article.id asc LIMIT 0,8  
INFO: [ view_parse ] --START--
INFO: [ template_filter ] --START--
INFO: Run Behavior\ContentReplaceBehavior [ RunTime:0.000129s ]
INFO: [ template_filter ] --END-- [ RunTime:0.000222s ]
INFO: Run Behavior\ParseTemplateBehavior [ RunTime:0.025838s ]
INFO: [ view_parse ] --END-- [ RunTime:0.026028s ]
INFO: [ view_filter ] --START--
INFO: Run Behavior\WriteHtmlCacheBehavior [ RunTime:0.001846s ]
INFO: [ view_filter ] --END-- [ RunTime:0.001931s ]
INFO: [ app_end ] --START--
INFO: Run Behavior\ShowPageTraceBehavior [ RunTime:0.001507s ]
INFO: [ app_end ] --END-- [ RunTime:0.001596s ]

[ 2017-03-21T21:18:44+08:00 ] 127.0.0.1 /test/tp_pro3/index.php/Admin/Cate/lst
INFO: [ app_init ] --START--
INFO: Run Behavior\BuildLiteBehavior [ RunTime:0.000022s ]
INFO: [ app_init ] --END-- [ RunTime:0.001215s ]
INFO: [ app_begin ] --START--
INFO: Run Behavior\ReadHtmlCacheBehavior [ RunTime:0.001334s ]
INFO: [ app_begin ] --END-- [ RunTime:0.001426s ]
SQL: DESCRIBE cs_cate [ RunTime:0.006970s ]
ERR: 1146:Table 'carshop.cs_cate' doesn't exist
 [ SQLËØ≠Âè• ] : DESCRIBE cs_cate
SQL: SELECT * FROM `cs_cate` ORDER BY sort asc  [ RunTime:0.001532s ]
ERR: 1146:Table 'carshop.cs_cate' doesn't exist
 [ SQLËØ≠Âè• ] : SELECT * FROM `cs_cate` ORDER BY sort asc 
INFO: [ view_parse ] --START--
INFO: [ template_filter ] --START--
INFO: Run Behavior\ContentReplaceBehavior [ RunTime:0.000122s ]
INFO: [ template_filter ] --END-- [ RunTime:0.000219s ]
INFO: Run Behavior\ParseTemplateBehavior [ RunTime:0.025425s ]
INFO: [ view_parse ] --END-- [ RunTime:0.025546s ]
INFO: [ view_filter ] --START--
INFO: Run Behavior\WriteHtmlCacheBehavior [ RunTime:0.001724s ]
INFO: [ view_filter ] --END-- [ RunTime:0.001812s ]
INFO: [ app_end ] --START--
INFO: Run Behavior\ShowPageTraceBehavior [ RunTime:0.001351s ]
INFO: [ app_end ] --END-- [ RunTime:0.001433s ]

[ 2017-03-21T21:18:46+08:00 ] 127.0.0.1 /test/tp_pro3/index.php/Admin/Link/lst
INFO: [ app_init ] --START--
INFO: Run Behavior\BuildLiteBehavior [ RunTime:0.000021s ]
INFO: [ app_init ] --END-- [ RunTime:0.001184s ]
INFO: [ app_begin ] --START--
INFO: Run Behavior\ReadHtmlCacheBehavior [ RunTime:0.001426s ]
INFO: [ app_begin ] --END-- [ RunTime:0.001532s ]
SQL: DESCRIBE cs_link [ RunTime:0.007695s ]
SQL: SELECT COUNT(*) AS tp_count FROM `cs_link` LIMIT 1   [ RunTime:0.000292s ]
SQL: SELECT * FROM `cs_link` ORDER BY id LIMIT 0,8   [ RunTime:0.000482s ]
INFO: [ view_parse ] --START--
INFO: [ template_filter ] --START--
INFO: Run Behavior\ContentReplaceBehavior [ RunTime:0.000130s ]
INFO: [ template_filter ] --END-- [ RunTime:0.000230s ]
NOTIC: [8] Undefined index: desc D:\PHP\xampp\htdocs\test\tp_pro3\Application\Runtime\Cache\Admin\65e4f6df08c62e8a208c27167d615170.php Á¨¨ 119 Ë°å.
NOTIC: [8] Undefined index: desc D:\PHP\xampp\htdocs\test\tp_pro3\Application\Runtime\Cache\Admin\65e4f6df08c62e8a208c27167d615170.php Á¨¨ 119 Ë°å.
INFO: Run Behavior\ParseTemplateBehavior [ RunTime:0.026295s ]
INFO: [ view_parse ] --END-- [ RunTime:0.026417s ]
INFO: [ view_filter ] --START--
INFO: Run Behavior\WriteHtmlCacheBehavior [ RunTime:0.001732s ]
INFO: [ view_filter ] --END-- [ RunTime:0.001812s ]
INFO: [ app_end ] --START--
INFO: Run Behavior\ShowPageTraceBehavior [ RunTime:0.001303s ]
INFO: [ app_end ] --END-- [ RunTime:0.001384s ]

[ 2017-03-21T21:18:47+08:00 ] 127.0.0.1 /test/tp_pro3/index.php/Admin/Special/lst
INFO: [ app_init ] --START--
INFO: Run Behavior\BuildLiteBehavior [ RunTime:0.000023s ]
INFO: [ app_init ] --END-- [ RunTime:0.001204s ]
INFO: [ app_begin ] --START--
INFO: Run Behavior\ReadHtmlCacheBehavior [ RunTime:0.001317s ]
INFO: [ app_begin ] --END-- [ RunTime:0.001407s ]
SQL: DESCRIBE cs_special [ RunTime:0.006915s ]
ERR: 1146:Table 'carshop.cs_special' doesn't exist
 [ SQLËØ≠Âè• ] : DESCRIBE cs_special
SQL: SELECT COUNT(*) AS tp_count FROM `cs_special` LIMIT 1   [ RunTime:0.001017s ]
ERR: 1146:Table 'carshop.cs_special' doesn't exist
 [ SQLËØ≠Âè• ] : SELECT COUNT(*) AS tp_count FROM `cs_special` LIMIT 1  
SQL: SELECT * FROM `cs_special` ORDER BY id asc LIMIT 0,7   [ RunTime:0.001030s ]
ERR: 1146:Table 'carshop.cs_special' doesn't exist
 [ SQLËØ≠Âè• ] : SELECT * FROM `cs_special` ORDER BY id asc LIMIT 0,7  
INFO: [ view_parse ] --START--
INFO: [ template_filter ] --START--
INFO: Run Behavior\ContentReplaceBehavior [ RunTime:0.000131s ]
INFO: [ template_filter ] --END-- [ RunTime:0.000233s ]
INFO: Run Behavior\ParseTemplateBehavior [ RunTime:0.026592s ]
INFO: [ view_parse ] --END-- [ RunTime:0.026740s ]
INFO: [ view_filter ] --START--
INFO: Run Behavior\WriteHtmlCacheBehavior [ RunTime:0.001815s ]
INFO: [ view_filter ] --END-- [ RunTime:0.001899s ]
INFO: [ app_end ] --START--
INFO: Run Behavior\ShowPageTraceBehavior [ RunTime:0.001309s ]
INFO: [ app_end ] --END-- [ RunTime:0.001390s ]

[ 2017-03-21T21:18:49+08:00 ] 127.0.0.1 /test/tp_pro3/index.php/Admin/Special/lst
INFO: [ app_init ] --START--
INFO: Run Behavior\BuildLiteBehavior [ RunTime:0.000025s ]
INFO: [ app_init ] --END-- [ RunTime:0.001673s ]
INFO: [ app_begin ] --START--
INFO: Run Behavior\ReadHtmlCacheBehavior [ RunTime:0.001927s ]
INFO: [ app_begin ] --END-- [ RunTime:0.002064s ]
SQL: DESCRIBE cs_special [ RunTime:0.020567s ]
ERR: 1146:Table 'carshop.cs_special' doesn't exist
 [ SQLËØ≠Âè• ] : DESCRIBE cs_special
SQL: SELECT COUNT(*) AS tp_count FROM `cs_special` LIMIT 1   [ RunTime:0.001658s ]
ERR: 1146:Table 'carshop.cs_special' doesn't exist
 [ SQLËØ≠Âè• ] : SELECT COUNT(*) AS tp_count FROM `cs_special` LIMIT 1  
SQL: SELECT * FROM `cs_special` ORDER BY id asc LIMIT 0,7   [ RunTime:0.001828s ]
ERR: 1146:Table 'carshop.cs_special' doesn't exist
 [ SQLËØ≠Âè• ] : SELECT * FROM `cs_special` ORDER BY id asc LIMIT 0,7  
INFO: [ view_parse ] --START--
INFO: [ template_filter ] --START--
INFO: Run Behavior\ContentReplaceBehavior [ RunTime:0.000132s ]
INFO: [ template_filter ] --END-- [ RunTime:0.000229s ]
INFO: Run Behavior\ParseTemplateBehavior [ RunTime:0.026492s ]
INFO: [ view_parse ] --END-- [ RunTime:0.026632s ]
INFO: [ view_filter ] --START--
INFO: Run Behavior\WriteHtmlCacheBehavior [ RunTime:0.001726s ]
INFO: [ view_filter ] --END-- [ RunTime:0.001803s ]
INFO: [ app_end ] --START--
INFO: Run Behavior\ShowPageTraceBehavior [ RunTime:0.001366s ]
INFO: [ app_end ] --END-- [ RunTime:0.001459s ]

[ 2017-03-21T21:18:49+08:00 ] 127.0.0.1 /test/tp_pro3/index.php/Admin/Link/lst
INFO: [ app_init ] --START--
INFO: Run Behavior\BuildLiteBehavior [ RunTime:0.000022s ]
INFO: [ app_init ] --END-- [ RunTime:0.001156s ]
INFO: [ app_begin ] --START--
INFO: Run Behavior\ReadHtmlCacheBehavior [ RunTime:0.001337s ]
INFO: [ app_begin ] --END-- [ RunTime:0.001429s ]
SQL: DESCRIBE cs_link [ RunTime:0.007239s ]
SQL: SELECT COUNT(*) AS tp_count FROM `cs_link` LIMIT 1   [ RunTime:0.000374s ]
SQL: SELECT * FROM `cs_link` ORDER BY id LIMIT 0,8   [ RunTime:0.000665s ]
INFO: [ view_parse ] --START--
INFO: [ template_filter ] --START--
INFO: Run Behavior\ContentReplaceBehavior [ RunTime:0.000133s ]
INFO: [ template_filter ] --END-- [ RunTime:0.000236s ]
NOTIC: [8] Undefined index: desc D:\PHP\xampp\htdocs\test\tp_pro3\Application\Runtime\Cache\Admin\65e4f6df08c62e8a208c27167d615170.php Á¨¨ 119 Ë°å.
NOTIC: [8] Undefined index: desc D:\PHP\xampp\htdocs\test\tp_pro3\Application\Runtime\Cache\Admin\65e4f6df08c62e8a208c27167d615170.php Á¨¨ 119 Ë°å.
INFO: Run Behavior\ParseTemplateBehavior [ RunTime:0.026639s ]
INFO: [ view_parse ] --END-- [ RunTime:0.026763s ]
INFO: [ view_filter ] --START--
INFO: Run Behavior\WriteHtmlCacheBehavior [ RunTime:0.001823s ]
INFO: [ view_filter ] --END-- [ RunTime:0.001909s ]
INFO: [ app_end ] --START--
INFO: Run Behavior\ShowPageTraceBehavior [ RunTime:0.001479s ]
INFO: [ app_end ] --END-- [ RunTime:0.001567s ]

[ 2017-03-21T21:25:31+08:00 ] 127.0.0.1 /test/tp_pro3/index.php/Admin/Link/lst
INFO: [ app_init ] --START--
INFO: Run Behavior\BuildLiteBehavior [ RunTime:0.000024s ]
INFO: [ app_init ] --END-- [ RunTime:0.001968s ]
INFO: [ app_begin ] --START--
INFO: Run Behavior\ReadHtmlCacheBehavior [ RunTime:0.003428s ]
INFO: [ app_begin ] --END-- [ RunTime:0.003530s ]
SQL: DESCRIBE cs_link [ RunTime:0.008206s ]
SQL: SELECT COUNT(*) AS tp_count FROM `cs_link` LIMIT 1   [ RunTime:0.000803s ]
SQL: SELECT * FROM `cs_link` ORDER BY id LIMIT 0,8   [ RunTime:0.001088s ]
INFO: [ view_parse ] --START--
INFO: [ template_filter ] --START--
INFO: Run Behavior\ContentReplaceBehavior [ RunTime:0.000123s ]
INFO: [ template_filter ] --END-- [ RunTime:0.000216s ]
NOTIC: [8] Undefined index: desc D:\PHP\xampp\htdocs\test\tp_pro3\Application\Runtime\Cache\Admin\65e4f6df08c62e8a208c27167d615170.php Á¨¨ 119 Ë°å.
NOTIC: [8] Undefined index: desc D:\PHP\xampp\htdocs\test\tp_pro3\Application\Runtime\Cache\Admin\65e4f6df08c62e8a208c27167d615170.php Á¨¨ 119 Ë°å.
INFO: Run Behavior\ParseTemplateBehavior [ RunTime:0.035557s ]
INFO: [ view_parse ] --END-- [ RunTime:0.035696s ]
INFO: [ view_filter ] --START--
INFO: Run Behavior\WriteHtmlCacheBehavior [ RunTime:0.002641s ]
INFO: [ view_filter ] --END-- [ RunTime:0.002738s ]
INFO: [ app_end ] --START--
INFO: Run Behavior\ShowPageTraceBehavior [ RunTime:0.002832s ]
INFO: [ app_end ] --END-- [ RunTime:0.002917s ]

